<?xml version="1.0" encoding="UTF-8"?>
<testng-results skipped="0" failed="0" ignored="0" total="2" passed="2">
  <reporter-output>
  </reporter-output>
  <suite name="Default suite" duration-ms="2437" started-at="2021-07-21T23:17:08 CAT" finished-at="2021-07-21T23:17:10 CAT">
    <groups>
    </groups>
    <test name="Default test" duration-ms="2437" started-at="2021-07-21T23:17:08 CAT" finished-at="2021-07-21T23:17:10 CAT">
      <class name="TestClass">
        <test-method status="PASS" signature="testGet()[pri:0, instance:TestClass@5faeada1]" name="testGet" duration-ms="2270" started-at="2021-07-21T23:17:08 CAT" finished-at="2021-07-21T23:17:10 CAT">
          <reporter-output>
          </reporter-output>
        </test-method> <!-- testGet -->
        <test-method status="PASS" signature="testPost()[pri:0, instance:TestClass@5faeada1]" name="testPost" duration-ms="105" started-at="2021-07-21T23:17:10 CAT" finished-at="2021-07-21T23:17:10 CAT">
          <reporter-output>
          </reporter-output>
        </test-method> <!-- testPost -->
      </class> <!-- TestClass -->
    </test> <!-- Default test -->
  </suite> <!-- Default suite -->
</testng-results>
